<?xml version="1.0" encoding="UTF-8"?>
<!-- Generated by org.testng.reporters.JUnitReportReporter -->
<testsuite skipped="0" hostname="DESKTOP-HK1HHOV" name="com.actitime.testscripts.CreateCustomer" tests="1" failures="0" timestamp="2020-01-27T17:37:09 IST" time="4.148" errors="0">
  <testcase name="testCreatCustomer" time="4.148" classname="com.actitime.testscripts.CreateCustomer"/>
  <system-out/>
</testsuite> <!-- com.actitime.testscripts.CreateCustomer -->
